The system is: Linux - 3.19.0-58-generic - x86_64
Compiling the C compiler identification source file "CMakeCCompilerId.c" succeeded.
Compiler: /home/liberty/software/gcc-5.3/bin/gcc 
Build flags: 
Id flags: 

The output was:
0


Compilation of the C compiler identification source "CMakeCCompilerId.c" produced "a.out"

The C compiler identification is GNU, found in "/home/liberty/UCR/MLLIB/HPC-K-Means/build/CMakeFiles/2.8.12.2/CompilerIdC/a.out"

Compiling the CXX compiler identification source file "CMakeCXXCompilerId.cpp" succeeded.
Compiler: /home/liberty/software/gcc-5.3/bin/c++ 
Build flags: 
Id flags: 

The output was:
0


Compilation of the CXX compiler identification source "CMakeCXXCompilerId.cpp" produced "a.out"

The CXX compiler identification is GNU, found in "/home/liberty/UCR/MLLIB/HPC-K-Means/build/CMakeFiles/2.8.12.2/CompilerIdCXX/a.out"

Determining if the C compiler works passed with the following output:
Change Dir: /home/liberty/UCR/MLLIB/HPC-K-Means/build/CMakeFiles/CMakeTmp

Run Build Command:/usr/bin/make "cmTryCompileExec870745801/fast"
/usr/bin/make -f CMakeFiles/cmTryCompileExec870745801.dir/build.make CMakeFiles/cmTryCompileExec870745801.dir/build
make[1]: Entering directory `/home/liberty/UCR/MLLIB/HPC-K-Means/build/CMakeFiles/CMakeTmp'
/usr/bin/cmake -E cmake_progress_report /home/liberty/UCR/MLLIB/HPC-K-Means/build/CMakeFiles/CMakeTmp/CMakeFiles 1
Building C object CMakeFiles/cmTryCompileExec870745801.dir/testCCompiler.c.o
/home/liberty/software/gcc-5.3/bin/gcc    -o CMakeFiles/cmTryCompileExec870745801.dir/testCCompiler.c.o   -c /home/liberty/UCR/MLLIB/HPC-K-Means/build/CMakeFiles/CMakeTmp/testCCompiler.c
Linking C executable cmTryCompileExec870745801
/usr/bin/cmake -E cmake_link_script CMakeFiles/cmTryCompileExec870745801.dir/link.txt --verbose=1
/home/liberty/software/gcc-5.3/bin/gcc       CMakeFiles/cmTryCompileExec870745801.dir/testCCompiler.c.o  -o cmTryCompileExec870745801 -rdynamic 
make[1]: Leaving directory `/home/liberty/UCR/MLLIB/HPC-K-Means/build/CMakeFiles/CMakeTmp'


Detecting C compiler ABI info compiled with the following output:
Change Dir: /home/liberty/UCR/MLLIB/HPC-K-Means/build/CMakeFiles/CMakeTmp

Run Build Command:/usr/bin/make "cmTryCompileExec3653996916/fast"
/usr/bin/make -f CMakeFiles/cmTryCompileExec3653996916.dir/build.make CMakeFiles/cmTryCompileExec3653996916.dir/build
make[1]: Entering directory `/home/liberty/UCR/MLLIB/HPC-K-Means/build/CMakeFiles/CMakeTmp'
/usr/bin/cmake -E cmake_progress_report /home/liberty/UCR/MLLIB/HPC-K-Means/build/CMakeFiles/CMakeTmp/CMakeFiles 1
Building C object CMakeFiles/cmTryCompileExec3653996916.dir/CMakeCCompilerABI.c.o
/home/liberty/software/gcc-5.3/bin/gcc    -o CMakeFiles/cmTryCompileExec3653996916.dir/CMakeCCompilerABI.c.o   -c /usr/share/cmake-2.8/Modules/CMakeCCompilerABI.c
Linking C executable cmTryCompileExec3653996916
/usr/bin/cmake -E cmake_link_script CMakeFiles/cmTryCompileExec3653996916.dir/link.txt --verbose=1
/home/liberty/software/gcc-5.3/bin/gcc     -v CMakeFiles/cmTryCompileExec3653996916.dir/CMakeCCompilerABI.c.o  -o cmTryCompileExec3653996916 -rdynamic  
Using built-in specs.
COLLECT_GCC=/home/liberty/software/gcc-5.3/bin/gcc
COLLECT_LTO_WRAPPER=/home/liberty/software/gcc-5.3/libexec/gcc/x86_64-unknown-linux-gnu/5.3.0/lto-wrapper
Target: x86_64-unknown-linux-gnu
Configured with: ../configure --prefix=/home/liberty/software/gcc-5.3 --disable-multilib
Thread model: posix
gcc version 5.3.0 (GCC) 
COMPILER_PATH=/home/liberty/software/gcc-5.3/libexec/gcc/x86_64-unknown-linux-gnu/5.3.0/:/home/liberty/software/gcc-5.3/libexec/gcc/x86_64-unknown-linux-gnu/5.3.0/:/home/liberty/software/gcc-5.3/libexec/gcc/x86_64-unknown-linux-gnu/:/home/liberty/software/gcc-5.3/lib/gcc/x86_64-unknown-linux-gnu/5.3.0/:/home/liberty/software/gcc-5.3/lib/gcc/x86_64-unknown-linux-gnu/
LIBRARY_PATH=/home/liberty/software/gcc-5.3/lib/gcc/x86_64-unknown-linux-gnu/5.3.0/:/home/liberty/software/gcc-5.3/lib/gcc/x86_64-unknown-linux-gnu/5.3.0/../../../../lib64/:/lib/x86_64-linux-gnu/:/lib/../lib64/:/usr/lib/x86_64-linux-gnu/:/usr/lib/../lib64/:/home/liberty/UCR/MLLIB/HPC-K-Means/acml/gfortran64_mp_int64/lib/:/home/liberty/UCR/MLLIB/HPC-K-Means/papi-5.4.3/src/:/home/liberty/software/gcc-5.3/lib/gcc/x86_64-unknown-linux-gnu/5.3.0/../../../:/lib/:/usr/lib/
COLLECT_GCC_OPTIONS='-v' '-o' 'cmTryCompileExec3653996916' '-rdynamic' '-mtune=generic' '-march=x86-64'
 /home/liberty/software/gcc-5.3/libexec/gcc/x86_64-unknown-linux-gnu/5.3.0/collect2 -plugin /home/liberty/software/gcc-5.3/libexec/gcc/x86_64-unknown-linux-gnu/5.3.0/liblto_plugin.so -plugin-opt=/home/liberty/software/gcc-5.3/libexec/gcc/x86_64-unknown-linux-gnu/5.3.0/lto-wrapper -plugin-opt=-fresolution=/tmp/ccg76rR0.res -plugin-opt=-pass-through=-lgcc -plugin-opt=-pass-through=-lgcc_s -plugin-opt=-pass-through=-lc -plugin-opt=-pass-through=-lgcc -plugin-opt=-pass-through=-lgcc_s --eh-frame-hdr -m elf_x86_64 -export-dynamic -dynamic-linker /lib64/ld-linux-x86-64.so.2 -o cmTryCompileExec3653996916 /usr/lib/x86_64-linux-gnu/crt1.o /usr/lib/x86_64-linux-gnu/crti.o /home/liberty/software/gcc-5.3/lib/gcc/x86_64-unknown-linux-gnu/5.3.0/crtbegin.o -L/home/liberty/software/gcc-5.3/lib/gcc/x86_64-unknown-linux-gnu/5.3.0 -L/home/liberty/software/gcc-5.3/lib/gcc/x86_64-unknown-linux-gnu/5.3.0/../../../../lib64 -L/lib/x86_64-linux-gnu -L/lib/../lib64 -L/usr/lib/x86_64-linux-gnu -L/usr/lib/../lib64 -L/home/liberty/UCR/MLLIB/HPC-K-Means/acml/gfortran64_mp_int64/lib -L/home/liberty/UCR/MLLIB/HPC-K-Means/papi-5.4.3/src -L/home/liberty/software/gcc-5.3/lib/gcc/x86_64-unknown-linux-gnu/5.3.0/../../.. CMakeFiles/cmTryCompileExec3653996916.dir/CMakeCCompilerABI.c.o -lgcc --as-needed -lgcc_s --no-as-needed -lc -lgcc --as-needed -lgcc_s --no-as-needed /home/liberty/software/gcc-5.3/lib/gcc/x86_64-unknown-linux-gnu/5.3.0/crtend.o /usr/lib/x86_64-linux-gnu/crtn.o
make[1]: Leaving directory `/home/liberty/UCR/MLLIB/HPC-K-Means/build/CMakeFiles/CMakeTmp'


Parsed C implicit link information from above output:
  link line regex: [^( *|.*[/\])(ld|([^/\]+-)?ld|collect2)[^/\]*( |$)]
  ignore line: [Change Dir: /home/liberty/UCR/MLLIB/HPC-K-Means/build/CMakeFiles/CMakeTmp]
  ignore line: []
  ignore line: [Run Build Command:/usr/bin/make "cmTryCompileExec3653996916/fast"]
  ignore line: [/usr/bin/make -f CMakeFiles/cmTryCompileExec3653996916.dir/build.make CMakeFiles/cmTryCompileExec3653996916.dir/build]
  ignore line: [make[1]: Entering directory `/home/liberty/UCR/MLLIB/HPC-K-Means/build/CMakeFiles/CMakeTmp']
  ignore line: [/usr/bin/cmake -E cmake_progress_report /home/liberty/UCR/MLLIB/HPC-K-Means/build/CMakeFiles/CMakeTmp/CMakeFiles 1]
  ignore line: [Building C object CMakeFiles/cmTryCompileExec3653996916.dir/CMakeCCompilerABI.c.o]
  ignore line: [/home/liberty/software/gcc-5.3/bin/gcc    -o CMakeFiles/cmTryCompileExec3653996916.dir/CMakeCCompilerABI.c.o   -c /usr/share/cmake-2.8/Modules/CMakeCCompilerABI.c]
  ignore line: [Linking C executable cmTryCompileExec3653996916]
  ignore line: [/usr/bin/cmake -E cmake_link_script CMakeFiles/cmTryCompileExec3653996916.dir/link.txt --verbose=1]
  ignore line: [/home/liberty/software/gcc-5.3/bin/gcc     -v CMakeFiles/cmTryCompileExec3653996916.dir/CMakeCCompilerABI.c.o  -o cmTryCompileExec3653996916 -rdynamic  ]
  ignore line: [Using built-in specs.]
  ignore line: [COLLECT_GCC=/home/liberty/software/gcc-5.3/bin/gcc]
  ignore line: [COLLECT_LTO_WRAPPER=/home/liberty/software/gcc-5.3/libexec/gcc/x86_64-unknown-linux-gnu/5.3.0/lto-wrapper]
  ignore line: [Target: x86_64-unknown-linux-gnu]
  ignore line: [Configured with: ../configure --prefix=/home/liberty/software/gcc-5.3 --disable-multilib]
  ignore line: [Thread model: posix]
  ignore line: [gcc version 5.3.0 (GCC) ]
  ignore line: [COMPILER_PATH=/home/liberty/software/gcc-5.3/libexec/gcc/x86_64-unknown-linux-gnu/5.3.0/:/home/liberty/software/gcc-5.3/libexec/gcc/x86_64-unknown-linux-gnu/5.3.0/:/home/liberty/software/gcc-5.3/libexec/gcc/x86_64-unknown-linux-gnu/:/home/liberty/software/gcc-5.3/lib/gcc/x86_64-unknown-linux-gnu/5.3.0/:/home/liberty/software/gcc-5.3/lib/gcc/x86_64-unknown-linux-gnu/]
  ignore line: [LIBRARY_PATH=/home/liberty/software/gcc-5.3/lib/gcc/x86_64-unknown-linux-gnu/5.3.0/:/home/liberty/software/gcc-5.3/lib/gcc/x86_64-unknown-linux-gnu/5.3.0/../../../../lib64/:/lib/x86_64-linux-gnu/:/lib/../lib64/:/usr/lib/x86_64-linux-gnu/:/usr/lib/../lib64/:/home/liberty/UCR/MLLIB/HPC-K-Means/acml/gfortran64_mp_int64/lib/:/home/liberty/UCR/MLLIB/HPC-K-Means/papi-5.4.3/src/:/home/liberty/software/gcc-5.3/lib/gcc/x86_64-unknown-linux-gnu/5.3.0/../../../:/lib/:/usr/lib/]
  ignore line: [COLLECT_GCC_OPTIONS='-v' '-o' 'cmTryCompileExec3653996916' '-rdynamic' '-mtune=generic' '-march=x86-64']
  link line: [ /home/liberty/software/gcc-5.3/libexec/gcc/x86_64-unknown-linux-gnu/5.3.0/collect2 -plugin /home/liberty/software/gcc-5.3/libexec/gcc/x86_64-unknown-linux-gnu/5.3.0/liblto_plugin.so -plugin-opt=/home/liberty/software/gcc-5.3/libexec/gcc/x86_64-unknown-linux-gnu/5.3.0/lto-wrapper -plugin-opt=-fresolution=/tmp/ccg76rR0.res -plugin-opt=-pass-through=-lgcc -plugin-opt=-pass-through=-lgcc_s -plugin-opt=-pass-through=-lc -plugin-opt=-pass-through=-lgcc -plugin-opt=-pass-through=-lgcc_s --eh-frame-hdr -m elf_x86_64 -export-dynamic -dynamic-linker /lib64/ld-linux-x86-64.so.2 -o cmTryCompileExec3653996916 /usr/lib/x86_64-linux-gnu/crt1.o /usr/lib/x86_64-linux-gnu/crti.o /home/liberty/software/gcc-5.3/lib/gcc/x86_64-unknown-linux-gnu/5.3.0/crtbegin.o -L/home/liberty/software/gcc-5.3/lib/gcc/x86_64-unknown-linux-gnu/5.3.0 -L/home/liberty/software/gcc-5.3/lib/gcc/x86_64-unknown-linux-gnu/5.3.0/../../../../lib64 -L/lib/x86_64-linux-gnu -L/lib/../lib64 -L/usr/lib/x86_64-linux-gnu -L/usr/lib/../lib64 -L/home/liberty/UCR/MLLIB/HPC-K-Means/acml/gfortran64_mp_int64/lib -L/home/liberty/UCR/MLLIB/HPC-K-Means/papi-5.4.3/src -L/home/liberty/software/gcc-5.3/lib/gcc/x86_64-unknown-linux-gnu/5.3.0/../../.. CMakeFiles/cmTryCompileExec3653996916.dir/CMakeCCompilerABI.c.o -lgcc --as-needed -lgcc_s --no-as-needed -lc -lgcc --as-needed -lgcc_s --no-as-needed /home/liberty/software/gcc-5.3/lib/gcc/x86_64-unknown-linux-gnu/5.3.0/crtend.o /usr/lib/x86_64-linux-gnu/crtn.o]
    arg [/home/liberty/software/gcc-5.3/libexec/gcc/x86_64-unknown-linux-gnu/5.3.0/collect2] ==> ignore
    arg [-plugin] ==> ignore
    arg [/home/liberty/software/gcc-5.3/libexec/gcc/x86_64-unknown-linux-gnu/5.3.0/liblto_plugin.so] ==> ignore
    arg [-plugin-opt=/home/liberty/software/gcc-5.3/libexec/gcc/x86_64-unknown-linux-gnu/5.3.0/lto-wrapper] ==> ignore
    arg [-plugin-opt=-fresolution=/tmp/ccg76rR0.res] ==> ignore
    arg [-plugin-opt=-pass-through=-lgcc] ==> ignore
    arg [-plugin-opt=-pass-through=-lgcc_s] ==> ignore
    arg [-plugin-opt=-pass-through=-lc] ==> ignore
    arg [-plugin-opt=-pass-through=-lgcc] ==> ignore
    arg [-plugin-opt=-pass-through=-lgcc_s] ==> ignore
    arg [--eh-frame-hdr] ==> ignore
    arg [-m] ==> ignore
    arg [elf_x86_64] ==> ignore
    arg [-export-dynamic] ==> ignore
    arg [-dynamic-linker] ==> ignore
    arg [/lib64/ld-linux-x86-64.so.2] ==> ignore
    arg [-o] ==> ignore
    arg [cmTryCompileExec3653996916] ==> ignore
    arg [/usr/lib/x86_64-linux-gnu/crt1.o] ==> ignore
    arg [/usr/lib/x86_64-linux-gnu/crti.o] ==> ignore
    arg [/home/liberty/software/gcc-5.3/lib/gcc/x86_64-unknown-linux-gnu/5.3.0/crtbegin.o] ==> ignore
    arg [-L/home/liberty/software/gcc-5.3/lib/gcc/x86_64-unknown-linux-gnu/5.3.0] ==> dir [/home/liberty/software/gcc-5.3/lib/gcc/x86_64-unknown-linux-gnu/5.3.0]
    arg [-L/home/liberty/software/gcc-5.3/lib/gcc/x86_64-unknown-linux-gnu/5.3.0/../../../../lib64] ==> dir [/home/liberty/software/gcc-5.3/lib/gcc/x86_64-unknown-linux-gnu/5.3.0/../../../../lib64]
    arg [-L/lib/x86_64-linux-gnu] ==> dir [/lib/x86_64-linux-gnu]
    arg [-L/lib/../lib64] ==> dir [/lib/../lib64]
    arg [-L/usr/lib/x86_64-linux-gnu] ==> dir [/usr/lib/x86_64-linux-gnu]
    arg [-L/usr/lib/../lib64] ==> dir [/usr/lib/../lib64]
    arg [-L/home/liberty/UCR/MLLIB/HPC-K-Means/acml/gfortran64_mp_int64/lib] ==> dir [/home/liberty/UCR/MLLIB/HPC-K-Means/acml/gfortran64_mp_int64/lib]
    arg [-L/home/liberty/UCR/MLLIB/HPC-K-Means/papi-5.4.3/src] ==> dir [/home/liberty/UCR/MLLIB/HPC-K-Means/papi-5.4.3/src]
    arg [-L/home/liberty/software/gcc-5.3/lib/gcc/x86_64-unknown-linux-gnu/5.3.0/../../..] ==> dir [/home/liberty/software/gcc-5.3/lib/gcc/x86_64-unknown-linux-gnu/5.3.0/../../..]
    arg [CMakeFiles/cmTryCompileExec3653996916.dir/CMakeCCompilerABI.c.o] ==> ignore
    arg [-lgcc] ==> lib [gcc]
    arg [--as-needed] ==> ignore
    arg [-lgcc_s] ==> lib [gcc_s]
    arg [--no-as-needed] ==> ignore
    arg [-lc] ==> lib [c]
    arg [-lgcc] ==> lib [gcc]
    arg [--as-needed] ==> ignore
    arg [-lgcc_s] ==> lib [gcc_s]
    arg [--no-as-needed] ==> ignore
    arg [/home/liberty/software/gcc-5.3/lib/gcc/x86_64-unknown-linux-gnu/5.3.0/crtend.o] ==> ignore
    arg [/usr/lib/x86_64-linux-gnu/crtn.o] ==> ignore
  remove lib [gcc]
  remove lib [gcc_s]
  remove lib [gcc]
  remove lib [gcc_s]
  collapse library dir [/home/liberty/software/gcc-5.3/lib/gcc/x86_64-unknown-linux-gnu/5.3.0] ==> [/home/liberty/software/gcc-5.3/lib/gcc/x86_64-unknown-linux-gnu/5.3.0]
  collapse library dir [/home/liberty/software/gcc-5.3/lib/gcc/x86_64-unknown-linux-gnu/5.3.0/../../../../lib64] ==> [/home/liberty/software/gcc-5.3/lib64]
  collapse library dir [/lib/x86_64-linux-gnu] ==> [/lib/x86_64-linux-gnu]
  collapse library dir [/lib/../lib64] ==> [/lib64]
  collapse library dir [/usr/lib/x86_64-linux-gnu] ==> [/usr/lib/x86_64-linux-gnu]
  collapse library dir [/usr/lib/../lib64] ==> [/usr/lib64]
  collapse library dir [/home/liberty/UCR/MLLIB/HPC-K-Means/acml/gfortran64_mp_int64/lib] ==> [/home/liberty/UCR/MLLIB/HPC-K-Means/acml/gfortran64_mp_int64/lib]
  collapse library dir [/home/liberty/UCR/MLLIB/HPC-K-Means/papi-5.4.3/src] ==> [/home/liberty/UCR/MLLIB/HPC-K-Means/papi-5.4.3/src]
  collapse library dir [/home/liberty/software/gcc-5.3/lib/gcc/x86_64-unknown-linux-gnu/5.3.0/../../..] ==> [/home/liberty/software/gcc-5.3/lib]
  implicit libs: [c]
  implicit dirs: [/home/liberty/software/gcc-5.3/lib/gcc/x86_64-unknown-linux-gnu/5.3.0;/home/liberty/software/gcc-5.3/lib64;/lib/x86_64-linux-gnu;/lib64;/usr/lib/x86_64-linux-gnu;/usr/lib64;/home/liberty/UCR/MLLIB/HPC-K-Means/acml/gfortran64_mp_int64/lib;/home/liberty/UCR/MLLIB/HPC-K-Means/papi-5.4.3/src;/home/liberty/software/gcc-5.3/lib]
  implicit fwks: []


Determining if the CXX compiler works passed with the following output:
Change Dir: /home/liberty/UCR/MLLIB/HPC-K-Means/build/CMakeFiles/CMakeTmp

Run Build Command:/usr/bin/make "cmTryCompileExec913265740/fast"
/usr/bin/make -f CMakeFiles/cmTryCompileExec913265740.dir/build.make CMakeFiles/cmTryCompileExec913265740.dir/build
make[1]: Entering directory `/home/liberty/UCR/MLLIB/HPC-K-Means/build/CMakeFiles/CMakeTmp'
/usr/bin/cmake -E cmake_progress_report /home/liberty/UCR/MLLIB/HPC-K-Means/build/CMakeFiles/CMakeTmp/CMakeFiles 1
Building CXX object CMakeFiles/cmTryCompileExec913265740.dir/testCXXCompiler.cxx.o
/home/liberty/software/gcc-5.3/bin/c++     -o CMakeFiles/cmTryCompileExec913265740.dir/testCXXCompiler.cxx.o -c /home/liberty/UCR/MLLIB/HPC-K-Means/build/CMakeFiles/CMakeTmp/testCXXCompiler.cxx
Linking CXX executable cmTryCompileExec913265740
/usr/bin/cmake -E cmake_link_script CMakeFiles/cmTryCompileExec913265740.dir/link.txt --verbose=1
/home/liberty/software/gcc-5.3/bin/c++        CMakeFiles/cmTryCompileExec913265740.dir/testCXXCompiler.cxx.o  -o cmTryCompileExec913265740 -rdynamic 
make[1]: Leaving directory `/home/liberty/UCR/MLLIB/HPC-K-Means/build/CMakeFiles/CMakeTmp'


Detecting CXX compiler ABI info compiled with the following output:
Change Dir: /home/liberty/UCR/MLLIB/HPC-K-Means/build/CMakeFiles/CMakeTmp

Run Build Command:/usr/bin/make "cmTryCompileExec1283501298/fast"
/usr/bin/make -f CMakeFiles/cmTryCompileExec1283501298.dir/build.make CMakeFiles/cmTryCompileExec1283501298.dir/build
make[1]: Entering directory `/home/liberty/UCR/MLLIB/HPC-K-Means/build/CMakeFiles/CMakeTmp'
/usr/bin/cmake -E cmake_progress_report /home/liberty/UCR/MLLIB/HPC-K-Means/build/CMakeFiles/CMakeTmp/CMakeFiles 1
Building CXX object CMakeFiles/cmTryCompileExec1283501298.dir/CMakeCXXCompilerABI.cpp.o
/home/liberty/software/gcc-5.3/bin/c++     -o CMakeFiles/cmTryCompileExec1283501298.dir/CMakeCXXCompilerABI.cpp.o -c /usr/share/cmake-2.8/Modules/CMakeCXXCompilerABI.cpp
Linking CXX executable cmTryCompileExec1283501298
/usr/bin/cmake -E cmake_link_script CMakeFiles/cmTryCompileExec1283501298.dir/link.txt --verbose=1
/home/liberty/software/gcc-5.3/bin/c++      -v CMakeFiles/cmTryCompileExec1283501298.dir/CMakeCXXCompilerABI.cpp.o  -o cmTryCompileExec1283501298 -rdynamic  
Using built-in specs.
COLLECT_GCC=/home/liberty/software/gcc-5.3/bin/c++
COLLECT_LTO_WRAPPER=/home/liberty/software/gcc-5.3/libexec/gcc/x86_64-unknown-linux-gnu/5.3.0/lto-wrapper
Target: x86_64-unknown-linux-gnu
Configured with: ../configure --prefix=/home/liberty/software/gcc-5.3 --disable-multilib
Thread model: posix
gcc version 5.3.0 (GCC) 
COMPILER_PATH=/home/liberty/software/gcc-5.3/libexec/gcc/x86_64-unknown-linux-gnu/5.3.0/:/home/liberty/software/gcc-5.3/libexec/gcc/x86_64-unknown-linux-gnu/5.3.0/:/home/liberty/software/gcc-5.3/libexec/gcc/x86_64-unknown-linux-gnu/:/home/liberty/software/gcc-5.3/lib/gcc/x86_64-unknown-linux-gnu/5.3.0/:/home/liberty/software/gcc-5.3/lib/gcc/x86_64-unknown-linux-gnu/
LIBRARY_PATH=/home/liberty/software/gcc-5.3/lib/gcc/x86_64-unknown-linux-gnu/5.3.0/:/home/liberty/software/gcc-5.3/lib/gcc/x86_64-unknown-linux-gnu/5.3.0/../../../../lib64/:/lib/x86_64-linux-gnu/:/lib/../lib64/:/usr/lib/x86_64-linux-gnu/:/usr/lib/../lib64/:/home/liberty/UCR/MLLIB/HPC-K-Means/acml/gfortran64_mp_int64/lib/:/home/liberty/UCR/MLLIB/HPC-K-Means/papi-5.4.3/src/:/home/liberty/software/gcc-5.3/lib/gcc/x86_64-unknown-linux-gnu/5.3.0/../../../:/lib/:/usr/lib/
COLLECT_GCC_OPTIONS='-v' '-o' 'cmTryCompileExec1283501298' '-rdynamic' '-shared-libgcc' '-mtune=generic' '-march=x86-64'
 /home/liberty/software/gcc-5.3/libexec/gcc/x86_64-unknown-linux-gnu/5.3.0/collect2 -plugin /home/liberty/software/gcc-5.3/libexec/gcc/x86_64-unknown-linux-gnu/5.3.0/liblto_plugin.so -plugin-opt=/home/liberty/software/gcc-5.3/libexec/gcc/x86_64-unknown-linux-gnu/5.3.0/lto-wrapper -plugin-opt=-fresolution=/tmp/cc4HHrK7.res -plugin-opt=-pass-through=-lgcc_s -plugin-opt=-pass-through=-lgcc -plugin-opt=-pass-through=-lc -plugin-opt=-pass-through=-lgcc_s -plugin-opt=-pass-through=-lgcc --eh-frame-hdr -m elf_x86_64 -export-dynamic -dynamic-linker /lib64/ld-linux-x86-64.so.2 -o cmTryCompileExec1283501298 /usr/lib/x86_64-linux-gnu/crt1.o /usr/lib/x86_64-linux-gnu/crti.o /home/liberty/software/gcc-5.3/lib/gcc/x86_64-unknown-linux-gnu/5.3.0/crtbegin.o -L/home/liberty/software/gcc-5.3/lib/gcc/x86_64-unknown-linux-gnu/5.3.0 -L/home/liberty/software/gcc-5.3/lib/gcc/x86_64-unknown-linux-gnu/5.3.0/../../../../lib64 -L/lib/x86_64-linux-gnu -L/lib/../lib64 -L/usr/lib/x86_64-linux-gnu -L/usr/lib/../lib64 -L/home/liberty/UCR/MLLIB/HPC-K-Means/acml/gfortran64_mp_int64/lib -L/home/liberty/UCR/MLLIB/HPC-K-Means/papi-5.4.3/src -L/home/liberty/software/gcc-5.3/lib/gcc/x86_64-unknown-linux-gnu/5.3.0/../../.. CMakeFiles/cmTryCompileExec1283501298.dir/CMakeCXXCompilerABI.cpp.o -lstdc++ -lm -lgcc_s -lgcc -lc -lgcc_s -lgcc /home/liberty/software/gcc-5.3/lib/gcc/x86_64-unknown-linux-gnu/5.3.0/crtend.o /usr/lib/x86_64-linux-gnu/crtn.o
make[1]: Leaving directory `/home/liberty/UCR/MLLIB/HPC-K-Means/build/CMakeFiles/CMakeTmp'


Parsed CXX implicit link information from above output:
  link line regex: [^( *|.*[/\])(ld|([^/\]+-)?ld|collect2)[^/\]*( |$)]
  ignore line: [Change Dir: /home/liberty/UCR/MLLIB/HPC-K-Means/build/CMakeFiles/CMakeTmp]
  ignore line: []
  ignore line: [Run Build Command:/usr/bin/make "cmTryCompileExec1283501298/fast"]
  ignore line: [/usr/bin/make -f CMakeFiles/cmTryCompileExec1283501298.dir/build.make CMakeFiles/cmTryCompileExec1283501298.dir/build]
  ignore line: [make[1]: Entering directory `/home/liberty/UCR/MLLIB/HPC-K-Means/build/CMakeFiles/CMakeTmp']
  ignore line: [/usr/bin/cmake -E cmake_progress_report /home/liberty/UCR/MLLIB/HPC-K-Means/build/CMakeFiles/CMakeTmp/CMakeFiles 1]
  ignore line: [Building CXX object CMakeFiles/cmTryCompileExec1283501298.dir/CMakeCXXCompilerABI.cpp.o]
  ignore line: [/home/liberty/software/gcc-5.3/bin/c++     -o CMakeFiles/cmTryCompileExec1283501298.dir/CMakeCXXCompilerABI.cpp.o -c /usr/share/cmake-2.8/Modules/CMakeCXXCompilerABI.cpp]
  ignore line: [Linking CXX executable cmTryCompileExec1283501298]
  ignore line: [/usr/bin/cmake -E cmake_link_script CMakeFiles/cmTryCompileExec1283501298.dir/link.txt --verbose=1]
  ignore line: [/home/liberty/software/gcc-5.3/bin/c++      -v CMakeFiles/cmTryCompileExec1283501298.dir/CMakeCXXCompilerABI.cpp.o  -o cmTryCompileExec1283501298 -rdynamic  ]
  ignore line: [Using built-in specs.]
  ignore line: [COLLECT_GCC=/home/liberty/software/gcc-5.3/bin/c++]
  ignore line: [COLLECT_LTO_WRAPPER=/home/liberty/software/gcc-5.3/libexec/gcc/x86_64-unknown-linux-gnu/5.3.0/lto-wrapper]
  ignore line: [Target: x86_64-unknown-linux-gnu]
  ignore line: [Configured with: ../configure --prefix=/home/liberty/software/gcc-5.3 --disable-multilib]
  ignore line: [Thread model: posix]
  ignore line: [gcc version 5.3.0 (GCC) ]
  ignore line: [COMPILER_PATH=/home/liberty/software/gcc-5.3/libexec/gcc/x86_64-unknown-linux-gnu/5.3.0/:/home/liberty/software/gcc-5.3/libexec/gcc/x86_64-unknown-linux-gnu/5.3.0/:/home/liberty/software/gcc-5.3/libexec/gcc/x86_64-unknown-linux-gnu/:/home/liberty/software/gcc-5.3/lib/gcc/x86_64-unknown-linux-gnu/5.3.0/:/home/liberty/software/gcc-5.3/lib/gcc/x86_64-unknown-linux-gnu/]
  ignore line: [LIBRARY_PATH=/home/liberty/software/gcc-5.3/lib/gcc/x86_64-unknown-linux-gnu/5.3.0/:/home/liberty/software/gcc-5.3/lib/gcc/x86_64-unknown-linux-gnu/5.3.0/../../../../lib64/:/lib/x86_64-linux-gnu/:/lib/../lib64/:/usr/lib/x86_64-linux-gnu/:/usr/lib/../lib64/:/home/liberty/UCR/MLLIB/HPC-K-Means/acml/gfortran64_mp_int64/lib/:/home/liberty/UCR/MLLIB/HPC-K-Means/papi-5.4.3/src/:/home/liberty/software/gcc-5.3/lib/gcc/x86_64-unknown-linux-gnu/5.3.0/../../../:/lib/:/usr/lib/]
  ignore line: [COLLECT_GCC_OPTIONS='-v' '-o' 'cmTryCompileExec1283501298' '-rdynamic' '-shared-libgcc' '-mtune=generic' '-march=x86-64']
  link line: [ /home/liberty/software/gcc-5.3/libexec/gcc/x86_64-unknown-linux-gnu/5.3.0/collect2 -plugin /home/liberty/software/gcc-5.3/libexec/gcc/x86_64-unknown-linux-gnu/5.3.0/liblto_plugin.so -plugin-opt=/home/liberty/software/gcc-5.3/libexec/gcc/x86_64-unknown-linux-gnu/5.3.0/lto-wrapper -plugin-opt=-fresolution=/tmp/cc4HHrK7.res -plugin-opt=-pass-through=-lgcc_s -plugin-opt=-pass-through=-lgcc -plugin-opt=-pass-through=-lc -plugin-opt=-pass-through=-lgcc_s -plugin-opt=-pass-through=-lgcc --eh-frame-hdr -m elf_x86_64 -export-dynamic -dynamic-linker /lib64/ld-linux-x86-64.so.2 -o cmTryCompileExec1283501298 /usr/lib/x86_64-linux-gnu/crt1.o /usr/lib/x86_64-linux-gnu/crti.o /home/liberty/software/gcc-5.3/lib/gcc/x86_64-unknown-linux-gnu/5.3.0/crtbegin.o -L/home/liberty/software/gcc-5.3/lib/gcc/x86_64-unknown-linux-gnu/5.3.0 -L/home/liberty/software/gcc-5.3/lib/gcc/x86_64-unknown-linux-gnu/5.3.0/../../../../lib64 -L/lib/x86_64-linux-gnu -L/lib/../lib64 -L/usr/lib/x86_64-linux-gnu -L/usr/lib/../lib64 -L/home/liberty/UCR/MLLIB/HPC-K-Means/acml/gfortran64_mp_int64/lib -L/home/liberty/UCR/MLLIB/HPC-K-Means/papi-5.4.3/src -L/home/liberty/software/gcc-5.3/lib/gcc/x86_64-unknown-linux-gnu/5.3.0/../../.. CMakeFiles/cmTryCompileExec1283501298.dir/CMakeCXXCompilerABI.cpp.o -lstdc++ -lm -lgcc_s -lgcc -lc -lgcc_s -lgcc /home/liberty/software/gcc-5.3/lib/gcc/x86_64-unknown-linux-gnu/5.3.0/crtend.o /usr/lib/x86_64-linux-gnu/crtn.o]
    arg [/home/liberty/software/gcc-5.3/libexec/gcc/x86_64-unknown-linux-gnu/5.3.0/collect2] ==> ignore
    arg [-plugin] ==> ignore
    arg [/home/liberty/software/gcc-5.3/libexec/gcc/x86_64-unknown-linux-gnu/5.3.0/liblto_plugin.so] ==> ignore
    arg [-plugin-opt=/home/liberty/software/gcc-5.3/libexec/gcc/x86_64-unknown-linux-gnu/5.3.0/lto-wrapper] ==> ignore
    arg [-plugin-opt=-fresolution=/tmp/cc4HHrK7.res] ==> ignore
    arg [-plugin-opt=-pass-through=-lgcc_s] ==> ignore
    arg [-plugin-opt=-pass-through=-lgcc] ==> ignore
    arg [-plugin-opt=-pass-through=-lc] ==> ignore
    arg [-plugin-opt=-pass-through=-lgcc_s] ==> ignore
    arg [-plugin-opt=-pass-through=-lgcc] ==> ignore
    arg [--eh-frame-hdr] ==> ignore
    arg [-m] ==> ignore
    arg [elf_x86_64] ==> ignore
    arg [-export-dynamic] ==> ignore
    arg [-dynamic-linker] ==> ignore
    arg [/lib64/ld-linux-x86-64.so.2] ==> ignore
    arg [-o] ==> ignore
    arg [cmTryCompileExec1283501298] ==> ignore
    arg [/usr/lib/x86_64-linux-gnu/crt1.o] ==> ignore
    arg [/usr/lib/x86_64-linux-gnu/crti.o] ==> ignore
    arg [/home/liberty/software/gcc-5.3/lib/gcc/x86_64-unknown-linux-gnu/5.3.0/crtbegin.o] ==> ignore
    arg [-L/home/liberty/software/gcc-5.3/lib/gcc/x86_64-unknown-linux-gnu/5.3.0] ==> dir [/home/liberty/software/gcc-5.3/lib/gcc/x86_64-unknown-linux-gnu/5.3.0]
    arg [-L/home/liberty/software/gcc-5.3/lib/gcc/x86_64-unknown-linux-gnu/5.3.0/../../../../lib64] ==> dir [/home/liberty/software/gcc-5.3/lib/gcc/x86_64-unknown-linux-gnu/5.3.0/../../../../lib64]
    arg [-L/lib/x86_64-linux-gnu] ==> dir [/lib/x86_64-linux-gnu]
    arg [-L/lib/../lib64] ==> dir [/lib/../lib64]
    arg [-L/usr/lib/x86_64-linux-gnu] ==> dir [/usr/lib/x86_64-linux-gnu]
    arg [-L/usr/lib/../lib64] ==> dir [/usr/lib/../lib64]
    arg [-L/home/liberty/UCR/MLLIB/HPC-K-Means/acml/gfortran64_mp_int64/lib] ==> dir [/home/liberty/UCR/MLLIB/HPC-K-Means/acml/gfortran64_mp_int64/lib]
    arg [-L/home/liberty/UCR/MLLIB/HPC-K-Means/papi-5.4.3/src] ==> dir [/home/liberty/UCR/MLLIB/HPC-K-Means/papi-5.4.3/src]
    arg [-L/home/liberty/software/gcc-5.3/lib/gcc/x86_64-unknown-linux-gnu/5.3.0/../../..] ==> dir [/home/liberty/software/gcc-5.3/lib/gcc/x86_64-unknown-linux-gnu/5.3.0/../../..]
    arg [CMakeFiles/cmTryCompileExec1283501298.dir/CMakeCXXCompilerABI.cpp.o] ==> ignore
    arg [-lstdc++] ==> lib [stdc++]
    arg [-lm] ==> lib [m]
    arg [-lgcc_s] ==> lib [gcc_s]
    arg [-lgcc] ==> lib [gcc]
    arg [-lc] ==> lib [c]
    arg [-lgcc_s] ==> lib [gcc_s]
    arg [-lgcc] ==> lib [gcc]
    arg [/home/liberty/software/gcc-5.3/lib/gcc/x86_64-unknown-linux-gnu/5.3.0/crtend.o] ==> ignore
    arg [/usr/lib/x86_64-linux-gnu/crtn.o] ==> ignore
  remove lib [gcc_s]
  remove lib [gcc]
  remove lib [gcc_s]
  remove lib [gcc]
  collapse library dir [/home/liberty/software/gcc-5.3/lib/gcc/x86_64-unknown-linux-gnu/5.3.0] ==> [/home/liberty/software/gcc-5.3/lib/gcc/x86_64-unknown-linux-gnu/5.3.0]
  collapse library dir [/home/liberty/software/gcc-5.3/lib/gcc/x86_64-unknown-linux-gnu/5.3.0/../../../../lib64] ==> [/home/liberty/software/gcc-5.3/lib64]
  collapse library dir [/lib/x86_64-linux-gnu] ==> [/lib/x86_64-linux-gnu]
  collapse library dir [/lib/../lib64] ==> [/lib64]
  collapse library dir [/usr/lib/x86_64-linux-gnu] ==> [/usr/lib/x86_64-linux-gnu]
  collapse library dir [/usr/lib/../lib64] ==> [/usr/lib64]
  collapse library dir [/home/liberty/UCR/MLLIB/HPC-K-Means/acml/gfortran64_mp_int64/lib] ==> [/home/liberty/UCR/MLLIB/HPC-K-Means/acml/gfortran64_mp_int64/lib]
  collapse library dir [/home/liberty/UCR/MLLIB/HPC-K-Means/papi-5.4.3/src] ==> [/home/liberty/UCR/MLLIB/HPC-K-Means/papi-5.4.3/src]
  collapse library dir [/home/liberty/software/gcc-5.3/lib/gcc/x86_64-unknown-linux-gnu/5.3.0/../../..] ==> [/home/liberty/software/gcc-5.3/lib]
  implicit libs: [stdc++;m;c]
  implicit dirs: [/home/liberty/software/gcc-5.3/lib/gcc/x86_64-unknown-linux-gnu/5.3.0;/home/liberty/software/gcc-5.3/lib64;/lib/x86_64-linux-gnu;/lib64;/usr/lib/x86_64-linux-gnu;/usr/lib64;/home/liberty/UCR/MLLIB/HPC-K-Means/acml/gfortran64_mp_int64/lib;/home/liberty/UCR/MLLIB/HPC-K-Means/papi-5.4.3/src;/home/liberty/software/gcc-5.3/lib]
  implicit fwks: []


Determining if the backtrace exist passed with the following output:
Change Dir: /home/liberty/UCR/MLLIB/HPC-K-Means/build/CMakeFiles/CMakeTmp

Run Build Command:/usr/bin/make "cmTryCompileExec4070843959/fast"
/usr/bin/make -f CMakeFiles/cmTryCompileExec4070843959.dir/build.make CMakeFiles/cmTryCompileExec4070843959.dir/build
make[1]: Entering directory `/home/liberty/UCR/MLLIB/HPC-K-Means/build/CMakeFiles/CMakeTmp'
/usr/bin/cmake -E cmake_progress_report /home/liberty/UCR/MLLIB/HPC-K-Means/build/CMakeFiles/CMakeTmp/CMakeFiles 1
Building C object CMakeFiles/cmTryCompileExec4070843959.dir/CheckSymbolExists.c.o
/home/liberty/software/gcc-5.3/bin/gcc   -Wall -Wextra -std=c99 -O3    -o CMakeFiles/cmTryCompileExec4070843959.dir/CheckSymbolExists.c.o   -c /home/liberty/UCR/MLLIB/HPC-K-Means/build/CMakeFiles/CMakeTmp/CheckSymbolExists.c
Linking C executable cmTryCompileExec4070843959
/usr/bin/cmake -E cmake_link_script CMakeFiles/cmTryCompileExec4070843959.dir/link.txt --verbose=1
/home/liberty/software/gcc-5.3/bin/gcc   -Wall -Wextra -std=c99 -O3     CMakeFiles/cmTryCompileExec4070843959.dir/CheckSymbolExists.c.o  -o cmTryCompileExec4070843959 -rdynamic 
make[1]: Leaving directory `/home/liberty/UCR/MLLIB/HPC-K-Means/build/CMakeFiles/CMakeTmp'

File /home/liberty/UCR/MLLIB/HPC-K-Means/build/CMakeFiles/CMakeTmp/CheckSymbolExists.c:
/* */
#include <execinfo.h>

int main(int argc, char** argv)
{
  (void)argv;
#ifndef backtrace
  return ((int*)(&backtrace))[argc];
#else
  (void)argc;
  return 0;
#endif
}

Performing C SOURCE FILE Test OpenMP_FLAG_DETECTED succeded with the following output:
Change Dir: /home/liberty/UCR/MLLIB/HPC-K-Means/build/CMakeFiles/CMakeTmp

Run Build Command:/usr/bin/make "cmTryCompileExec682382614/fast"
/usr/bin/make -f CMakeFiles/cmTryCompileExec682382614.dir/build.make CMakeFiles/cmTryCompileExec682382614.dir/build
make[1]: Entering directory `/home/liberty/UCR/MLLIB/HPC-K-Means/build/CMakeFiles/CMakeTmp'
/usr/bin/cmake -E cmake_progress_report /home/liberty/UCR/MLLIB/HPC-K-Means/build/CMakeFiles/CMakeTmp/CMakeFiles 1
Building C object CMakeFiles/cmTryCompileExec682382614.dir/src.c.o
/home/liberty/software/gcc-5.3/bin/gcc   -Wall -Wextra -std=c99 -O3 -DOpenMP_FLAG_DETECTED -fopenmp   -o CMakeFiles/cmTryCompileExec682382614.dir/src.c.o   -c /home/liberty/UCR/MLLIB/HPC-K-Means/build/CMakeFiles/CMakeTmp/src.c
Linking C executable cmTryCompileExec682382614
/usr/bin/cmake -E cmake_link_script CMakeFiles/cmTryCompileExec682382614.dir/link.txt --verbose=1
/home/liberty/software/gcc-5.3/bin/gcc   -Wall -Wextra -std=c99 -O3 -DOpenMP_FLAG_DETECTED -fopenmp    CMakeFiles/cmTryCompileExec682382614.dir/src.c.o  -o cmTryCompileExec682382614 -rdynamic 
make[1]: Leaving directory `/home/liberty/UCR/MLLIB/HPC-K-Means/build/CMakeFiles/CMakeTmp'

Source file was:

#include <omp.h>
int main() {
#ifdef _OPENMP
  return 0;
#else
  breaks_on_purpose
#endif
}

Performing C++ SOURCE FILE Test OpenMP_FLAG_DETECTED succeded with the following output:
Change Dir: /home/liberty/UCR/MLLIB/HPC-K-Means/build/CMakeFiles/CMakeTmp

Run Build Command:/usr/bin/make "cmTryCompileExec1600016881/fast"
/usr/bin/make -f CMakeFiles/cmTryCompileExec1600016881.dir/build.make CMakeFiles/cmTryCompileExec1600016881.dir/build
make[1]: Entering directory `/home/liberty/UCR/MLLIB/HPC-K-Means/build/CMakeFiles/CMakeTmp'
/usr/bin/cmake -E cmake_progress_report /home/liberty/UCR/MLLIB/HPC-K-Means/build/CMakeFiles/CMakeTmp/CMakeFiles 1
Building CXX object CMakeFiles/cmTryCompileExec1600016881.dir/src.cxx.o
/home/liberty/software/gcc-5.3/bin/c++    -std=c++0x -Wall -Wextra -ftemplate-depth=1000 -O3 -DOpenMP_FLAG_DETECTED -fopenmp   -o CMakeFiles/cmTryCompileExec1600016881.dir/src.cxx.o -c /home/liberty/UCR/MLLIB/HPC-K-Means/build/CMakeFiles/CMakeTmp/src.cxx
Linking CXX executable cmTryCompileExec1600016881
/usr/bin/cmake -E cmake_link_script CMakeFiles/cmTryCompileExec1600016881.dir/link.txt --verbose=1
/home/liberty/software/gcc-5.3/bin/c++    -std=c++0x -Wall -Wextra -ftemplate-depth=1000 -O3 -DOpenMP_FLAG_DETECTED -fopenmp    CMakeFiles/cmTryCompileExec1600016881.dir/src.cxx.o  -o cmTryCompileExec1600016881 -rdynamic 
make[1]: Leaving directory `/home/liberty/UCR/MLLIB/HPC-K-Means/build/CMakeFiles/CMakeTmp'

Source file was:

#include <omp.h>
int main() {
#ifdef _OPENMP
  return 0;
#else
  breaks_on_purpose
#endif
}

